<?xml version="1.0" encoding="UTF-8"?>
<testng-results ignored="0" total="1" passed="1" failed="0" skipped="0">
  <reporter-output>
  </reporter-output>
  <suite started-at="2021-09-08T20:20:10 IST" name="Default suite" finished-at="2021-09-08T20:20:10 IST" duration-ms="932">
    <groups>
    </groups>
    <test started-at="2021-09-08T20:20:10 IST" name="Default test" finished-at="2021-09-08T20:20:10 IST" duration-ms="932">
      <class name="com.atmecs.test.Operations">
        <test-method signature="testUtil()[pri:0, instance:com.atmecs.test.Operations@11bd0f3b]" started-at="2021-09-08T20:20:10 IST" name="testUtil" finished-at="2021-09-08T20:20:10 IST" duration-ms="891" status="PASS">
          <reporter-output>
          </reporter-output>
        </test-method> <!-- testUtil -->
      </class> <!-- com.atmecs.test.Operations -->
    </test> <!-- Default test -->
  </suite> <!-- Default suite -->
</testng-results>
